0 info it worked if it ends with ok
1 verbose cli [ '/usr/local/Cellar/node/4.2.1/bin/node',
1 verbose cli   '/usr/local/bin/npm',
1 verbose cli   'install',
1 verbose cli   'node-XMLHttpRequest' ]
2 info using npm@2.14.7
3 info using node@v4.2.1
4 verbose config Skipping project config: /Users/tyler/.npmrc. (matches userconfig)
5 verbose install initial load of /Users/tyler/package.json
6 verbose installManyTop reading scoped package data from /Users/tyler/node_modules/firebase/package.json
7 verbose installManyTop reading scoped package data from /Users/tyler/node_modules/http-server/package.json
8 verbose installManyTop reading scoped package data from /Users/tyler/node_modules/sillyname/package.json
9 verbose installManyTop reading scoped package data from /Users/tyler/node_modules/xhr2/package.json
10 info package.json http-server@0.8.0 No license field.
11 info package.json firebase@2.3.2 No license field.
12 verbose readDependencies loading dependencies from /Users/tyler/package.json
13 silly cache add args [ 'node-XMLHttpRequest', null ]
14 verbose cache add spec node-XMLHttpRequest
15 silly cache add parsed spec Result {
15 silly cache add   raw: 'node-XMLHttpRequest',
15 silly cache add   scope: null,
15 silly cache add   name: 'node-XMLHttpRequest',
15 silly cache add   rawSpec: '',
15 silly cache add   spec: '*',
15 silly cache add   type: 'range' }
16 silly addNamed node-XMLHttpRequest@*
17 verbose addNamed "*" is a valid semver range for node-XMLHttpRequest
18 silly addNameRange { name: 'node-XMLHttpRequest', range: '*', hasData: false }
19 silly mapToRegistry name node-XMLHttpRequest
20 silly mapToRegistry using default registry
21 silly mapToRegistry registry https://registry.npmjs.org/
22 silly mapToRegistry uri https://registry.npmjs.org/node-XMLHttpRequest
23 verbose addNameRange registry:https://registry.npmjs.org/node-XMLHttpRequest not in flight; fetching
24 verbose request uri https://registry.npmjs.org/node-XMLHttpRequest
25 verbose request no auth needed
26 info attempt registry request try #1 at 10:49:45 PM
27 verbose request id ec22ee3f399b14ec
28 http request GET https://registry.npmjs.org/node-XMLHttpRequest
29 http 404 https://registry.npmjs.org/node-XMLHttpRequest
30 verbose headers { 'content-type': 'application/json',
30 verbose headers   'cache-control': 'max-age=0',
30 verbose headers   'content-length': '2',
30 verbose headers   'accept-ranges': 'bytes',
30 verbose headers   date: 'Sat, 19 Dec 2015 06:49:47 GMT',
30 verbose headers   via: '1.1 varnish',
30 verbose headers   age: '0',
30 verbose headers   connection: 'keep-alive',
30 verbose headers   'x-served-by': 'cache-dfw1823-DFW',
30 verbose headers   'x-cache': 'MISS',
30 verbose headers   'x-cache-hits': '0',
30 verbose headers   'x-timer': 'S1450507787.162232,VS0,VE49' }
31 silly get cb [ 404,
31 silly get   { 'content-type': 'application/json',
31 silly get     'cache-control': 'max-age=0',
31 silly get     'content-length': '2',
31 silly get     'accept-ranges': 'bytes',
31 silly get     date: 'Sat, 19 Dec 2015 06:49:47 GMT',
31 silly get     via: '1.1 varnish',
31 silly get     age: '0',
31 silly get     connection: 'keep-alive',
31 silly get     'x-served-by': 'cache-dfw1823-DFW',
31 silly get     'x-cache': 'MISS',
31 silly get     'x-cache-hits': '0',
31 silly get     'x-timer': 'S1450507787.162232,VS0,VE49' } ]
32 verbose stack Error: Registry returned 404 for GET on https://registry.npmjs.org/node-XMLHttpRequest
32 verbose stack     at makeError (/usr/local/lib/node_modules/npm/node_modules/npm-registry-client/lib/request.js:264:12)
32 verbose stack     at CachingRegistryClient.<anonymous> (/usr/local/lib/node_modules/npm/node_modules/npm-registry-client/lib/request.js:242:14)
32 verbose stack     at Request._callback (/usr/local/lib/node_modules/npm/node_modules/npm-registry-client/lib/request.js:172:14)
32 verbose stack     at Request.self.callback (/usr/local/lib/node_modules/npm/node_modules/request/request.js:198:22)
32 verbose stack     at emitTwo (events.js:87:13)
32 verbose stack     at Request.emit (events.js:172:7)
32 verbose stack     at Request.<anonymous> (/usr/local/lib/node_modules/npm/node_modules/request/request.js:1063:14)
32 verbose stack     at emitOne (events.js:82:20)
32 verbose stack     at Request.emit (events.js:169:7)
32 verbose stack     at IncomingMessage.<anonymous> (/usr/local/lib/node_modules/npm/node_modules/request/request.js:1009:12)
33 verbose statusCode 404
34 verbose pkgid node-XMLHttpRequest
35 verbose cwd /Users/tyler/root/USB/projects/CoachCam
36 error Darwin 14.5.0
37 error argv "/usr/local/Cellar/node/4.2.1/bin/node" "/usr/local/bin/npm" "install" "node-XMLHttpRequest"
38 error node v4.2.1
39 error npm  v2.14.7
40 error code E404
41 error 404 Registry returned 404 for GET on https://registry.npmjs.org/node-XMLHttpRequest
41 error 404
41 error 404 'node-XMLHttpRequest' is not in the npm registry.
41 error 404 Your package name is not valid, because
41 error 404
41 error 404  1. name can no longer contain capital letters
41 error 404
41 error 404 Note that you can also install from a
41 error 404 tarball, folder, http url, or git url.
42 verbose exit [ 1, true ]
